
ROM used:   60/2048 (3%)
            60/2048 (3%) including unused fragments

            0.1 Average locations per line
            4.6 Average locations per statement

RAM used:   7/224 (3%) at main() level
            8/224 (4%) worst case

Stack used: 1 worst case (1 in main + 0 for interrupts)
Stack size: 8

Lines Stmts  %   Files
----- ----- ---  -----
   30    13 100  main.c
  518     0   0  ..\..\..\..\..\..\..\..\Program Files (x86)\PICC\Devices\16F628A.h
----- -----
  548    13 Total

Page ROM  %  RAM   Vol Diff  Functions:
---- --- --- ---   --- ----  ----------
0     21  35    1             @delay_ms1
0     35  58    1   250  4.1  main
 Inline         0             @cinit1

Program metrics:
    Functions               1
    Statements              13
    Comments                105
    Volume (V)              254
    Difficulty (D)          3.8
    Effort to implement (E) 962
    Time to implement (T)   1 minutes
    Est Delivered Bugs (B)  0
    Cyclomatic Complexity   1
    Maintainability (MI)    92

 Segment     Used  Free
-----------  ----  ----
00000-00003     4  0  
00004-007FF    56  1988  



